[2023-11-20T18:26:50.815+0800] {manager.py:487} INFO - Processing files using up to 1 processes at a time 
[2023-11-20T18:26:50.815+0800] {manager.py:488} INFO - Process each file at most once every 30 seconds
[2023-11-20T18:26:50.816+0800] {manager.py:489} INFO - Checking for new files in /Users/eulim/Desktop/Tutorial/airflow-tutorial-build/dags every 300 seconds
[2023-11-20T18:26:50.816+0800] {manager.py:755} INFO - Searching for files in /Users/eulim/Desktop/Tutorial/airflow-tutorial-build/dags
[2023-11-20T18:26:50.874+0800] {manager.py:758} INFO - There are 46 files in /Users/eulim/Desktop/Tutorial/airflow-tutorial-build/dags
[2023-11-20T18:26:52.389+0800] {manager.py:887} INFO - 
================================================================================
DAG File Processing Stats

File Path                                                                                                                                                                 PID    Runtime      # DAGs    # Errors  Last Runtime    Last Run
------------------------------------------------------------------------------------------------------------------------------------------------------------------------  -----  ---------  --------  ----------  --------------  -------------------
/Users/eulim/Desktop/moneylion/myrepo/de-dbt-analytics/venv/lib/python3.10/site-packages/airflow/example_dags/example_latest_only.py                                                               0           0
/Users/eulim/Desktop/moneylion/myrepo/de-dbt-analytics/venv/lib/python3.10/site-packages/airflow/example_dags/example_local_kubernetes_executor.py                                                 0           0
/Users/eulim/Desktop/moneylion/myrepo/de-dbt-analytics/venv/lib/python3.10/site-packages/airflow/example_dags/example_task_group_decorator.py                                                      0           0
/Users/eulim/Desktop/moneylion/myrepo/de-dbt-analytics/venv/lib/python3.10/site-packages/airflow/example_dags/example_complex.py                                                                   0           0
/Users/eulim/Desktop/moneylion/myrepo/de-dbt-analytics/venv/lib/python3.10/site-packages/airflow/example_dags/example_python_operator.py                                                           0           0
/Users/eulim/Desktop/moneylion/myrepo/de-dbt-analytics/venv/lib/python3.10/site-packages/airflow/example_dags/tutorial_taskflow_api_virtualenv.py                                                  0           0
/Users/eulim/Desktop/moneylion/myrepo/de-dbt-analytics/venv/lib/python3.10/site-packages/airflow/example_dags/example_params_trigger_ui.py                                                         0           0
/Users/eulim/Desktop/moneylion/myrepo/de-dbt-analytics/venv/lib/python3.10/site-packages/airflow/example_dags/example_external_task_marker_dag.py                                                  0           0
/Users/eulim/Desktop/moneylion/myrepo/de-dbt-analytics/venv/lib/python3.10/site-packages/airflow/example_dags/example_bash_operator.py                                                             0           0
/Users/eulim/Desktop/moneylion/myrepo/de-dbt-analytics/venv/lib/python3.10/site-packages/airflow/example_dags/example_short_circuit_operator.py                                                    0           0
/Users/eulim/Desktop/moneylion/myrepo/de-dbt-analytics/venv/lib/python3.10/site-packages/airflow/example_dags/example_setup_teardown.py                                                            0           0
/Users/eulim/Desktop/moneylion/myrepo/de-dbt-analytics/venv/lib/python3.10/site-packages/airflow/example_dags/example_branch_operator.py                                                           0           0
/Users/eulim/Desktop/moneylion/myrepo/de-dbt-analytics/venv/lib/python3.10/site-packages/airflow/example_dags/example_branch_labels.py                                                             0           0
/Users/eulim/Desktop/moneylion/myrepo/de-dbt-analytics/venv/lib/python3.10/site-packages/airflow/example_dags/tutorial_taskflow_api.py                                                             0           0
/Users/eulim/Desktop/moneylion/myrepo/de-dbt-analytics/venv/lib/python3.10/site-packages/airflow/example_dags/example_task_group.py                                                                0           0
/Users/eulim/Desktop/moneylion/myrepo/de-dbt-analytics/venv/lib/python3.10/site-packages/airflow/example_dags/tutorial.py                                                                          0           0
/Users/eulim/Desktop/moneylion/myrepo/de-dbt-analytics/venv/lib/python3.10/site-packages/airflow/example_dags/example_sla_dag.py                                                                   0           0
/Users/eulim/Desktop/moneylion/myrepo/de-dbt-analytics/venv/lib/python3.10/site-packages/airflow/example_dags/example_passing_params_via_test_command.py                                           0           0
/Users/eulim/Desktop/moneylion/myrepo/de-dbt-analytics/venv/lib/python3.10/site-packages/airflow/example_dags/example_latest_only_with_trigger.py                                                  0           0
/Users/eulim/Desktop/moneylion/myrepo/de-dbt-analytics/venv/lib/python3.10/site-packages/airflow/example_dags/example_time_delta_sensor_async.py                                                   0           0
/Users/eulim/Desktop/moneylion/myrepo/de-dbt-analytics/venv/lib/python3.10/site-packages/airflow/example_dags/example_dag_decorator.py                                                             0           0
/Users/eulim/Desktop/moneylion/myrepo/de-dbt-analytics/venv/lib/python3.10/site-packages/airflow/example_dags/example_xcom.py                                                                      0           0
/Users/eulim/Desktop/moneylion/myrepo/de-dbt-analytics/venv/lib/python3.10/site-packages/airflow/example_dags/example_xcomargs.py                                                                  0           0
/Users/eulim/Desktop/moneylion/myrepo/de-dbt-analytics/venv/lib/python3.10/site-packages/airflow/example_dags/example_branch_operator_decorator.py                                                 0           0
/Users/eulim/Desktop/moneylion/myrepo/de-dbt-analytics/venv/lib/python3.10/site-packages/airflow/example_dags/example_branch_day_of_week_operator.py                                               0           0
/Users/eulim/Desktop/moneylion/myrepo/de-dbt-analytics/venv/lib/python3.10/site-packages/airflow/example_dags/example_skip_dag.py                                                                  0           0
/Users/eulim/Desktop/moneylion/myrepo/de-dbt-analytics/venv/lib/python3.10/site-packages/airflow/example_dags/example_short_circuit_decorator.py                                                   0           0
/Users/eulim/Desktop/moneylion/myrepo/de-dbt-analytics/venv/lib/python3.10/site-packages/airflow/example_dags/example_datasets.py                                                                  0           0
/Users/eulim/Desktop/moneylion/myrepo/de-dbt-analytics/venv/lib/python3.10/site-packages/airflow/example_dags/tutorial_dag.py                                                                      0           0
/Users/eulim/Desktop/moneylion/myrepo/de-dbt-analytics/venv/lib/python3.10/site-packages/airflow/example_dags/example_trigger_target_dag.py                                                        0           0
/Users/eulim/Desktop/moneylion/myrepo/de-dbt-analytics/venv/lib/python3.10/site-packages/airflow/example_dags/example_sensor_decorator.py                                                          0           0
/Users/eulim/Desktop/moneylion/myrepo/de-dbt-analytics/venv/lib/python3.10/site-packages/airflow/example_dags/example_kubernetes_executor.py                                                       0           0
/Users/eulim/Desktop/moneylion/myrepo/de-dbt-analytics/venv/lib/python3.10/site-packages/airflow/example_dags/example_branch_python_dop_operator_3.py                                              0           0
/Users/eulim/Desktop/moneylion/myrepo/de-dbt-analytics/venv/lib/python3.10/site-packages/airflow/example_dags/example_sensors.py                                                                   0           0
/Users/eulim/Desktop/moneylion/myrepo/de-dbt-analytics/venv/lib/python3.10/site-packages/airflow/example_dags/example_setup_teardown_taskflow.py                                                   0           0
/Users/eulim/Desktop/moneylion/myrepo/de-dbt-analytics/venv/lib/python3.10/site-packages/airflow/example_dags/example_branch_datetime_operator.py                                                  0           0
/Users/eulim/Desktop/moneylion/myrepo/de-dbt-analytics/venv/lib/python3.10/site-packages/airflow/example_dags/example_nested_branch_dag.py                                                         0           0
/Users/eulim/Desktop/moneylion/myrepo/de-dbt-analytics/venv/lib/python3.10/site-packages/airflow/example_dags/example_subdag_operator.py                                                           0           0
/Users/eulim/Desktop/moneylion/myrepo/de-dbt-analytics/venv/lib/python3.10/site-packages/airflow/example_dags/example_dynamic_task_mapping_with_no_taskflow_operators.py                           0           0
/Users/eulim/Desktop/moneylion/myrepo/de-dbt-analytics/venv/lib/python3.10/site-packages/airflow/example_dags/example_trigger_controller_dag.py                                                    0           0
/Users/eulim/Desktop/moneylion/myrepo/de-dbt-analytics/venv/lib/python3.10/site-packages/airflow/example_dags/example_params_ui_tutorial.py                                                        0           0
/Users/eulim/Desktop/moneylion/myrepo/de-dbt-analytics/venv/lib/python3.10/site-packages/airflow/example_dags/example_dynamic_task_mapping.py                                                      0           0
/Users/eulim/Desktop/moneylion/myrepo/de-dbt-analytics/venv/lib/python3.10/site-packages/airflow/example_dags/plugins/workday.py                                                                   0           0
/Users/eulim/Desktop/moneylion/myrepo/de-dbt-analytics/venv/lib/python3.10/site-packages/airflow/example_dags/plugins/event_listener.py                                                            0           0
/Users/eulim/Desktop/moneylion/myrepo/de-dbt-analytics/venv/lib/python3.10/site-packages/airflow/example_dags/plugins/listener_plugin.py                                                           0           0
/Users/eulim/Desktop/moneylion/myrepo/de-dbt-analytics/venv/lib/python3.10/site-packages/airflow/example_dags/subdags/subdag.py                                                                    0           0  1.38s           2023-11-20T10:26:52
================================================================================
[2023-11-20T18:27:24.974+0800] {manager.py:887} INFO - 
================================================================================
DAG File Processing Stats

File Path                                                                                                                                                                 PID    Runtime      # DAGs    # Errors  Last Runtime    Last Run
------------------------------------------------------------------------------------------------------------------------------------------------------------------------  -----  ---------  --------  ----------  --------------  -------------------
/Users/eulim/Desktop/moneylion/myrepo/de-dbt-analytics/venv/lib/python3.10/site-packages/airflow/example_dags/example_latest_only.py                                                               0           0
/Users/eulim/Desktop/moneylion/myrepo/de-dbt-analytics/venv/lib/python3.10/site-packages/airflow/example_dags/example_local_kubernetes_executor.py                                                 0           0
/Users/eulim/Desktop/moneylion/myrepo/de-dbt-analytics/venv/lib/python3.10/site-packages/airflow/example_dags/example_task_group_decorator.py                                                      0           0
/Users/eulim/Desktop/moneylion/myrepo/de-dbt-analytics/venv/lib/python3.10/site-packages/airflow/example_dags/example_complex.py                                                                   0           0
/Users/eulim/Desktop/moneylion/myrepo/de-dbt-analytics/venv/lib/python3.10/site-packages/airflow/example_dags/example_python_operator.py                                                           0           0
/Users/eulim/Desktop/moneylion/myrepo/de-dbt-analytics/venv/lib/python3.10/site-packages/airflow/example_dags/example_params_trigger_ui.py                                                         0           0
/Users/eulim/Desktop/moneylion/myrepo/de-dbt-analytics/venv/lib/python3.10/site-packages/airflow/example_dags/example_external_task_marker_dag.py                                                  0           0
/Users/eulim/Desktop/moneylion/myrepo/de-dbt-analytics/venv/lib/python3.10/site-packages/airflow/example_dags/example_bash_operator.py                                                             0           0
/Users/eulim/Desktop/moneylion/myrepo/de-dbt-analytics/venv/lib/python3.10/site-packages/airflow/example_dags/example_short_circuit_operator.py                                                    0           0
/Users/eulim/Desktop/moneylion/myrepo/de-dbt-analytics/venv/lib/python3.10/site-packages/airflow/example_dags/example_setup_teardown.py                                                            0           0
/Users/eulim/Desktop/moneylion/myrepo/de-dbt-analytics/venv/lib/python3.10/site-packages/airflow/example_dags/example_branch_operator.py                                                           0           0
/Users/eulim/Desktop/moneylion/myrepo/de-dbt-analytics/venv/lib/python3.10/site-packages/airflow/example_dags/example_branch_labels.py                                                             0           0
/Users/eulim/Desktop/moneylion/myrepo/de-dbt-analytics/venv/lib/python3.10/site-packages/airflow/example_dags/example_task_group.py                                                                0           0
/Users/eulim/Desktop/moneylion/myrepo/de-dbt-analytics/venv/lib/python3.10/site-packages/airflow/example_dags/example_sla_dag.py                                                                   0           0
/Users/eulim/Desktop/moneylion/myrepo/de-dbt-analytics/venv/lib/python3.10/site-packages/airflow/example_dags/example_passing_params_via_test_command.py                                           0           0
/Users/eulim/Desktop/moneylion/myrepo/de-dbt-analytics/venv/lib/python3.10/site-packages/airflow/example_dags/example_latest_only_with_trigger.py                                                  0           0
/Users/eulim/Desktop/moneylion/myrepo/de-dbt-analytics/venv/lib/python3.10/site-packages/airflow/example_dags/example_time_delta_sensor_async.py                                                   0           0
/Users/eulim/Desktop/moneylion/myrepo/de-dbt-analytics/venv/lib/python3.10/site-packages/airflow/example_dags/example_dag_decorator.py                                                             0           0
/Users/eulim/Desktop/moneylion/myrepo/de-dbt-analytics/venv/lib/python3.10/site-packages/airflow/example_dags/example_branch_operator_decorator.py                                                 0           0
/Users/eulim/Desktop/moneylion/myrepo/de-dbt-analytics/venv/lib/python3.10/site-packages/airflow/example_dags/example_branch_day_of_week_operator.py                                               0           0
/Users/eulim/Desktop/moneylion/myrepo/de-dbt-analytics/venv/lib/python3.10/site-packages/airflow/example_dags/example_skip_dag.py                                                                  0           0
/Users/eulim/Desktop/moneylion/myrepo/de-dbt-analytics/venv/lib/python3.10/site-packages/airflow/example_dags/example_short_circuit_decorator.py                                                   0           0
/Users/eulim/Desktop/moneylion/myrepo/de-dbt-analytics/venv/lib/python3.10/site-packages/airflow/example_dags/example_datasets.py                                                                  0           0
/Users/eulim/Desktop/moneylion/myrepo/de-dbt-analytics/venv/lib/python3.10/site-packages/airflow/example_dags/example_sensor_decorator.py                                                          0           0
/Users/eulim/Desktop/moneylion/myrepo/de-dbt-analytics/venv/lib/python3.10/site-packages/airflow/example_dags/example_kubernetes_executor.py                                                       0           0
/Users/eulim/Desktop/moneylion/myrepo/de-dbt-analytics/venv/lib/python3.10/site-packages/airflow/example_dags/example_branch_python_dop_operator_3.py                                              0           0
/Users/eulim/Desktop/moneylion/myrepo/de-dbt-analytics/venv/lib/python3.10/site-packages/airflow/example_dags/example_sensors.py                                                                   0           0
/Users/eulim/Desktop/moneylion/myrepo/de-dbt-analytics/venv/lib/python3.10/site-packages/airflow/example_dags/example_setup_teardown_taskflow.py                                                   0           0
/Users/eulim/Desktop/moneylion/myrepo/de-dbt-analytics/venv/lib/python3.10/site-packages/airflow/example_dags/example_branch_datetime_operator.py                                                  0           0
/Users/eulim/Desktop/moneylion/myrepo/de-dbt-analytics/venv/lib/python3.10/site-packages/airflow/example_dags/example_nested_branch_dag.py                                                         0           0
/Users/eulim/Desktop/moneylion/myrepo/de-dbt-analytics/venv/lib/python3.10/site-packages/airflow/example_dags/example_subdag_operator.py                                                           0           0
/Users/eulim/Desktop/moneylion/myrepo/de-dbt-analytics/venv/lib/python3.10/site-packages/airflow/example_dags/example_dynamic_task_mapping_with_no_taskflow_operators.py                           0           0
/Users/eulim/Desktop/moneylion/myrepo/de-dbt-analytics/venv/lib/python3.10/site-packages/airflow/example_dags/example_trigger_controller_dag.py                                                    0           0
/Users/eulim/Desktop/moneylion/myrepo/de-dbt-analytics/venv/lib/python3.10/site-packages/airflow/example_dags/example_params_ui_tutorial.py                                                        0           0
/Users/eulim/Desktop/moneylion/myrepo/de-dbt-analytics/venv/lib/python3.10/site-packages/airflow/example_dags/example_dynamic_task_mapping.py                                                      0           0
/Users/eulim/Desktop/moneylion/myrepo/de-dbt-analytics/venv/lib/python3.10/site-packages/airflow/example_dags/plugins/workday.py                                                                   0           0  1.59s           2023-11-20T10:26:55
/Users/eulim/Desktop/moneylion/myrepo/de-dbt-analytics/venv/lib/python3.10/site-packages/airflow/example_dags/plugins/event_listener.py                                                            0           0  1.45s           2023-11-20T10:27:00
/Users/eulim/Desktop/moneylion/myrepo/de-dbt-analytics/venv/lib/python3.10/site-packages/airflow/example_dags/plugins/listener_plugin.py                                                           0           0  1.77s           2023-11-20T10:26:57
/Users/eulim/Desktop/moneylion/myrepo/de-dbt-analytics/venv/lib/python3.10/site-packages/airflow/example_dags/subdags/subdag.py                                                                    0           0  1.38s           2023-11-20T10:26:52
/Users/eulim/Desktop/moneylion/myrepo/de-dbt-analytics/venv/lib/python3.10/site-packages/airflow/example_dags/tutorial_taskflow_api_virtualenv.py                                                  1           0  2.40s           2023-11-20T10:27:03
/Users/eulim/Desktop/moneylion/myrepo/de-dbt-analytics/venv/lib/python3.10/site-packages/airflow/example_dags/tutorial_taskflow_api.py                                                             1           0  2.57s           2023-11-20T10:27:07
/Users/eulim/Desktop/moneylion/myrepo/de-dbt-analytics/venv/lib/python3.10/site-packages/airflow/example_dags/tutorial.py                                                                          1           0  2.47s           2023-11-20T10:27:13
/Users/eulim/Desktop/moneylion/myrepo/de-dbt-analytics/venv/lib/python3.10/site-packages/airflow/example_dags/example_xcom.py                                                                      1           0  2.45s           2023-11-20T10:27:21
/Users/eulim/Desktop/moneylion/myrepo/de-dbt-analytics/venv/lib/python3.10/site-packages/airflow/example_dags/tutorial_dag.py                                                                      1           0  2.26s           2023-11-20T10:27:10
/Users/eulim/Desktop/moneylion/myrepo/de-dbt-analytics/venv/lib/python3.10/site-packages/airflow/example_dags/example_trigger_target_dag.py                                                        1           0  2.80s           2023-11-20T10:27:24
/Users/eulim/Desktop/moneylion/myrepo/de-dbt-analytics/venv/lib/python3.10/site-packages/airflow/example_dags/example_xcomargs.py                                                                  2           0  2.64s           2023-11-20T10:27:17
================================================================================
[2023-11-20T18:27:58.101+0800] {manager.py:887} INFO - 
================================================================================
DAG File Processing Stats

File Path                                                                                                                                                                 PID    Runtime      # DAGs    # Errors  Last Runtime    Last Run
------------------------------------------------------------------------------------------------------------------------------------------------------------------------  -----  ---------  --------  ----------  --------------  -------------------
/Users/eulim/Desktop/moneylion/myrepo/de-dbt-analytics/venv/lib/python3.10/site-packages/airflow/example_dags/example_latest_only.py                                                               0           0
/Users/eulim/Desktop/moneylion/myrepo/de-dbt-analytics/venv/lib/python3.10/site-packages/airflow/example_dags/example_local_kubernetes_executor.py                                                 0           0
/Users/eulim/Desktop/moneylion/myrepo/de-dbt-analytics/venv/lib/python3.10/site-packages/airflow/example_dags/example_complex.py                                                                   0           0
/Users/eulim/Desktop/moneylion/myrepo/de-dbt-analytics/venv/lib/python3.10/site-packages/airflow/example_dags/example_python_operator.py                                                           0           0
/Users/eulim/Desktop/moneylion/myrepo/de-dbt-analytics/venv/lib/python3.10/site-packages/airflow/example_dags/example_params_trigger_ui.py                                                         0           0
/Users/eulim/Desktop/moneylion/myrepo/de-dbt-analytics/venv/lib/python3.10/site-packages/airflow/example_dags/example_external_task_marker_dag.py                                                  0           0
/Users/eulim/Desktop/moneylion/myrepo/de-dbt-analytics/venv/lib/python3.10/site-packages/airflow/example_dags/example_bash_operator.py                                                             0           0
/Users/eulim/Desktop/moneylion/myrepo/de-dbt-analytics/venv/lib/python3.10/site-packages/airflow/example_dags/example_setup_teardown.py                                                            0           0
/Users/eulim/Desktop/moneylion/myrepo/de-dbt-analytics/venv/lib/python3.10/site-packages/airflow/example_dags/example_branch_operator.py                                                           0           0
/Users/eulim/Desktop/moneylion/myrepo/de-dbt-analytics/venv/lib/python3.10/site-packages/airflow/example_dags/example_branch_labels.py                                                             0           0
/Users/eulim/Desktop/moneylion/myrepo/de-dbt-analytics/venv/lib/python3.10/site-packages/airflow/example_dags/example_passing_params_via_test_command.py                                           0           0
/Users/eulim/Desktop/moneylion/myrepo/de-dbt-analytics/venv/lib/python3.10/site-packages/airflow/example_dags/example_latest_only_with_trigger.py                                                  0           0
/Users/eulim/Desktop/moneylion/myrepo/de-dbt-analytics/venv/lib/python3.10/site-packages/airflow/example_dags/example_dag_decorator.py                                                             0           0
/Users/eulim/Desktop/moneylion/myrepo/de-dbt-analytics/venv/lib/python3.10/site-packages/airflow/example_dags/example_branch_operator_decorator.py                                                 0           0
/Users/eulim/Desktop/moneylion/myrepo/de-dbt-analytics/venv/lib/python3.10/site-packages/airflow/example_dags/example_branch_day_of_week_operator.py                                               0           0
/Users/eulim/Desktop/moneylion/myrepo/de-dbt-analytics/venv/lib/python3.10/site-packages/airflow/example_dags/example_datasets.py                                                                  0           0
/Users/eulim/Desktop/moneylion/myrepo/de-dbt-analytics/venv/lib/python3.10/site-packages/airflow/example_dags/example_sensor_decorator.py                                                          0           0
/Users/eulim/Desktop/moneylion/myrepo/de-dbt-analytics/venv/lib/python3.10/site-packages/airflow/example_dags/example_kubernetes_executor.py                                                       0           0
/Users/eulim/Desktop/moneylion/myrepo/de-dbt-analytics/venv/lib/python3.10/site-packages/airflow/example_dags/example_branch_python_dop_operator_3.py                                              0           0
/Users/eulim/Desktop/moneylion/myrepo/de-dbt-analytics/venv/lib/python3.10/site-packages/airflow/example_dags/example_sensors.py                                                                   0           0
/Users/eulim/Desktop/moneylion/myrepo/de-dbt-analytics/venv/lib/python3.10/site-packages/airflow/example_dags/example_branch_datetime_operator.py                                                  0           0
/Users/eulim/Desktop/moneylion/myrepo/de-dbt-analytics/venv/lib/python3.10/site-packages/airflow/example_dags/example_nested_branch_dag.py                                                         0           0
/Users/eulim/Desktop/moneylion/myrepo/de-dbt-analytics/venv/lib/python3.10/site-packages/airflow/example_dags/example_dynamic_task_mapping_with_no_taskflow_operators.py                           0           0
/Users/eulim/Desktop/moneylion/myrepo/de-dbt-analytics/venv/lib/python3.10/site-packages/airflow/example_dags/example_params_ui_tutorial.py                                                        0           0
/Users/eulim/Desktop/moneylion/myrepo/de-dbt-analytics/venv/lib/python3.10/site-packages/airflow/example_dags/example_dynamic_task_mapping.py                                                      0           0
/Users/eulim/Desktop/moneylion/myrepo/de-dbt-analytics/venv/lib/python3.10/site-packages/airflow/example_dags/plugins/workday.py                                                                   0           0  1.59s           2023-11-20T10:26:55
/Users/eulim/Desktop/moneylion/myrepo/de-dbt-analytics/venv/lib/python3.10/site-packages/airflow/example_dags/plugins/event_listener.py                                                            0           0  1.45s           2023-11-20T10:27:00
/Users/eulim/Desktop/moneylion/myrepo/de-dbt-analytics/venv/lib/python3.10/site-packages/airflow/example_dags/plugins/listener_plugin.py                                                           0           0  1.77s           2023-11-20T10:26:57
/Users/eulim/Desktop/moneylion/myrepo/de-dbt-analytics/venv/lib/python3.10/site-packages/airflow/example_dags/subdags/subdag.py                                                                    0           0  1.38s           2023-11-20T10:26:52
/Users/eulim/Desktop/moneylion/myrepo/de-dbt-analytics/venv/lib/python3.10/site-packages/airflow/example_dags/example_task_group_decorator.py                                                      1           0  2.33s           2023-11-20T10:27:35
/Users/eulim/Desktop/moneylion/myrepo/de-dbt-analytics/venv/lib/python3.10/site-packages/airflow/example_dags/tutorial_taskflow_api_virtualenv.py                                                  1           0  2.40s           2023-11-20T10:27:03
/Users/eulim/Desktop/moneylion/myrepo/de-dbt-analytics/venv/lib/python3.10/site-packages/airflow/example_dags/example_short_circuit_operator.py                                                    1           0  2.82s           2023-11-20T10:27:51
/Users/eulim/Desktop/moneylion/myrepo/de-dbt-analytics/venv/lib/python3.10/site-packages/airflow/example_dags/tutorial_taskflow_api.py                                                             1           0  2.57s           2023-11-20T10:27:07
/Users/eulim/Desktop/moneylion/myrepo/de-dbt-analytics/venv/lib/python3.10/site-packages/airflow/example_dags/example_task_group.py                                                                1           0  2.31s           2023-11-20T10:27:38
/Users/eulim/Desktop/moneylion/myrepo/de-dbt-analytics/venv/lib/python3.10/site-packages/airflow/example_dags/tutorial.py                                                                          1           0  2.47s           2023-11-20T10:27:13
/Users/eulim/Desktop/moneylion/myrepo/de-dbt-analytics/venv/lib/python3.10/site-packages/airflow/example_dags/example_sla_dag.py                                                                   1           0  2.49s           2023-11-20T10:27:44
/Users/eulim/Desktop/moneylion/myrepo/de-dbt-analytics/venv/lib/python3.10/site-packages/airflow/example_dags/example_time_delta_sensor_async.py                                                   1           0  2.46s           2023-11-20T10:27:31
/Users/eulim/Desktop/moneylion/myrepo/de-dbt-analytics/venv/lib/python3.10/site-packages/airflow/example_dags/example_xcom.py                                                                      1           0  2.45s           2023-11-20T10:27:21
/Users/eulim/Desktop/moneylion/myrepo/de-dbt-analytics/venv/lib/python3.10/site-packages/airflow/example_dags/example_skip_dag.py                                                                  1           0  2.33s           2023-11-20T10:27:47
/Users/eulim/Desktop/moneylion/myrepo/de-dbt-analytics/venv/lib/python3.10/site-packages/airflow/example_dags/example_short_circuit_decorator.py                                                   1           0  2.12s           2023-11-20T10:27:54
/Users/eulim/Desktop/moneylion/myrepo/de-dbt-analytics/venv/lib/python3.10/site-packages/airflow/example_dags/tutorial_dag.py                                                                      1           0  2.26s           2023-11-20T10:27:10
/Users/eulim/Desktop/moneylion/myrepo/de-dbt-analytics/venv/lib/python3.10/site-packages/airflow/example_dags/example_trigger_target_dag.py                                                        1           0  2.80s           2023-11-20T10:27:24
/Users/eulim/Desktop/moneylion/myrepo/de-dbt-analytics/venv/lib/python3.10/site-packages/airflow/example_dags/example_setup_teardown_taskflow.py                                                   1           0  2.22s           2023-11-20T10:27:58
/Users/eulim/Desktop/moneylion/myrepo/de-dbt-analytics/venv/lib/python3.10/site-packages/airflow/example_dags/example_trigger_controller_dag.py                                                    1           0  2.35s           2023-11-20T10:27:28
/Users/eulim/Desktop/moneylion/myrepo/de-dbt-analytics/venv/lib/python3.10/site-packages/airflow/example_dags/example_xcomargs.py                                                                  2           0  2.64s           2023-11-20T10:27:17
/Users/eulim/Desktop/moneylion/myrepo/de-dbt-analytics/venv/lib/python3.10/site-packages/airflow/example_dags/example_subdag_operator.py                                                           3           0  2.15s           2023-11-20T10:27:41
================================================================================
[2023-11-20T18:28:30.213+0800] {manager.py:887} INFO - 
================================================================================
DAG File Processing Stats

File Path                                                                                                                                                                 PID    Runtime      # DAGs    # Errors  Last Runtime    Last Run
------------------------------------------------------------------------------------------------------------------------------------------------------------------------  -----  ---------  --------  ----------  --------------  -------------------
/Users/eulim/Desktop/moneylion/myrepo/de-dbt-analytics/venv/lib/python3.10/site-packages/airflow/example_dags/example_latest_only.py                                                               0           0
/Users/eulim/Desktop/moneylion/myrepo/de-dbt-analytics/venv/lib/python3.10/site-packages/airflow/example_dags/example_local_kubernetes_executor.py                                                 0           0  1.58s           2023-11-20T10:28:27
/Users/eulim/Desktop/moneylion/myrepo/de-dbt-analytics/venv/lib/python3.10/site-packages/airflow/example_dags/example_complex.py                                                                   0           0
/Users/eulim/Desktop/moneylion/myrepo/de-dbt-analytics/venv/lib/python3.10/site-packages/airflow/example_dags/example_external_task_marker_dag.py                                                  0           0
/Users/eulim/Desktop/moneylion/myrepo/de-dbt-analytics/venv/lib/python3.10/site-packages/airflow/example_dags/example_bash_operator.py                                                             0           0
/Users/eulim/Desktop/moneylion/myrepo/de-dbt-analytics/venv/lib/python3.10/site-packages/airflow/example_dags/example_branch_operator.py                                                           0           0
/Users/eulim/Desktop/moneylion/myrepo/de-dbt-analytics/venv/lib/python3.10/site-packages/airflow/example_dags/example_branch_labels.py                                                             0           0
/Users/eulim/Desktop/moneylion/myrepo/de-dbt-analytics/venv/lib/python3.10/site-packages/airflow/example_dags/example_dag_decorator.py                                                             0           0
/Users/eulim/Desktop/moneylion/myrepo/de-dbt-analytics/venv/lib/python3.10/site-packages/airflow/example_dags/example_branch_operator_decorator.py                                                 0           0
/Users/eulim/Desktop/moneylion/myrepo/de-dbt-analytics/venv/lib/python3.10/site-packages/airflow/example_dags/example_branch_day_of_week_operator.py                                               0           0
/Users/eulim/Desktop/moneylion/myrepo/de-dbt-analytics/venv/lib/python3.10/site-packages/airflow/example_dags/example_datasets.py                                                                  0           0
/Users/eulim/Desktop/moneylion/myrepo/de-dbt-analytics/venv/lib/python3.10/site-packages/airflow/example_dags/example_kubernetes_executor.py                                                       0           0
/Users/eulim/Desktop/moneylion/myrepo/de-dbt-analytics/venv/lib/python3.10/site-packages/airflow/example_dags/example_branch_python_dop_operator_3.py                                              0           0
/Users/eulim/Desktop/moneylion/myrepo/de-dbt-analytics/venv/lib/python3.10/site-packages/airflow/example_dags/example_branch_datetime_operator.py                                                  0           0
/Users/eulim/Desktop/moneylion/myrepo/de-dbt-analytics/venv/lib/python3.10/site-packages/airflow/example_dags/example_dynamic_task_mapping_with_no_taskflow_operators.py                           0           0
/Users/eulim/Desktop/moneylion/myrepo/de-dbt-analytics/venv/lib/python3.10/site-packages/airflow/example_dags/example_dynamic_task_mapping.py                                                      0           0
/Users/eulim/Desktop/moneylion/myrepo/de-dbt-analytics/venv/lib/python3.10/site-packages/airflow/example_dags/plugins/workday.py                                                                   0           0  1.59s           2023-11-20T10:26:55
/Users/eulim/Desktop/moneylion/myrepo/de-dbt-analytics/venv/lib/python3.10/site-packages/airflow/example_dags/plugins/event_listener.py                                                            0           0  1.45s           2023-11-20T10:27:00
/Users/eulim/Desktop/moneylion/myrepo/de-dbt-analytics/venv/lib/python3.10/site-packages/airflow/example_dags/plugins/listener_plugin.py                                                           0           0  1.77s           2023-11-20T10:26:57
/Users/eulim/Desktop/moneylion/myrepo/de-dbt-analytics/venv/lib/python3.10/site-packages/airflow/example_dags/subdags/subdag.py                                                                    0           0  1.38s           2023-11-20T10:26:52
/Users/eulim/Desktop/moneylion/myrepo/de-dbt-analytics/venv/lib/python3.10/site-packages/airflow/example_dags/example_task_group_decorator.py                                                      1           0  2.33s           2023-11-20T10:27:35
/Users/eulim/Desktop/moneylion/myrepo/de-dbt-analytics/venv/lib/python3.10/site-packages/airflow/example_dags/example_python_operator.py                                                           1           0  2.42s           2023-11-20T10:28:10
/Users/eulim/Desktop/moneylion/myrepo/de-dbt-analytics/venv/lib/python3.10/site-packages/airflow/example_dags/tutorial_taskflow_api_virtualenv.py                                                  1           0  2.40s           2023-11-20T10:27:03
/Users/eulim/Desktop/moneylion/myrepo/de-dbt-analytics/venv/lib/python3.10/site-packages/airflow/example_dags/example_params_trigger_ui.py                                                         1           0  2.32s           2023-11-20T10:28:21
/Users/eulim/Desktop/moneylion/myrepo/de-dbt-analytics/venv/lib/python3.10/site-packages/airflow/example_dags/example_short_circuit_operator.py                                                    1           0  2.82s           2023-11-20T10:27:51
/Users/eulim/Desktop/moneylion/myrepo/de-dbt-analytics/venv/lib/python3.10/site-packages/airflow/example_dags/example_setup_teardown.py                                                            1           0  2.01s           2023-11-20T10:28:01
/Users/eulim/Desktop/moneylion/myrepo/de-dbt-analytics/venv/lib/python3.10/site-packages/airflow/example_dags/tutorial_taskflow_api.py                                                             1           0  2.57s           2023-11-20T10:27:07
/Users/eulim/Desktop/moneylion/myrepo/de-dbt-analytics/venv/lib/python3.10/site-packages/airflow/example_dags/example_task_group.py                                                                1           0  2.31s           2023-11-20T10:27:38
/Users/eulim/Desktop/moneylion/myrepo/de-dbt-analytics/venv/lib/python3.10/site-packages/airflow/example_dags/tutorial.py                                                                          1           0  2.47s           2023-11-20T10:27:13
/Users/eulim/Desktop/moneylion/myrepo/de-dbt-analytics/venv/lib/python3.10/site-packages/airflow/example_dags/example_sla_dag.py                                                                   1           0  2.49s           2023-11-20T10:27:44
/Users/eulim/Desktop/moneylion/myrepo/de-dbt-analytics/venv/lib/python3.10/site-packages/airflow/example_dags/example_passing_params_via_test_command.py                                           1           0  2.65s           2023-11-20T10:28:14
/Users/eulim/Desktop/moneylion/myrepo/de-dbt-analytics/venv/lib/python3.10/site-packages/airflow/example_dags/example_latest_only_with_trigger.py                                                  1           0  2.21s           2023-11-20T10:28:30
/Users/eulim/Desktop/moneylion/myrepo/de-dbt-analytics/venv/lib/python3.10/site-packages/airflow/example_dags/example_time_delta_sensor_async.py                                                   1           0  2.46s           2023-11-20T10:27:31
/Users/eulim/Desktop/moneylion/myrepo/de-dbt-analytics/venv/lib/python3.10/site-packages/airflow/example_dags/example_xcom.py                                                                      1           0  2.45s           2023-11-20T10:27:21
/Users/eulim/Desktop/moneylion/myrepo/de-dbt-analytics/venv/lib/python3.10/site-packages/airflow/example_dags/example_skip_dag.py                                                                  1           0  2.33s           2023-11-20T10:27:47
/Users/eulim/Desktop/moneylion/myrepo/de-dbt-analytics/venv/lib/python3.10/site-packages/airflow/example_dags/example_short_circuit_decorator.py                                                   1           0  2.12s           2023-11-20T10:27:54
/Users/eulim/Desktop/moneylion/myrepo/de-dbt-analytics/venv/lib/python3.10/site-packages/airflow/example_dags/tutorial_dag.py                                                                      1           0  2.26s           2023-11-20T10:27:10
/Users/eulim/Desktop/moneylion/myrepo/de-dbt-analytics/venv/lib/python3.10/site-packages/airflow/example_dags/example_trigger_target_dag.py                                                        1           0  2.80s           2023-11-20T10:27:24
/Users/eulim/Desktop/moneylion/myrepo/de-dbt-analytics/venv/lib/python3.10/site-packages/airflow/example_dags/example_sensor_decorator.py                                                          1           0  2.56s           2023-11-20T10:28:07
/Users/eulim/Desktop/moneylion/myrepo/de-dbt-analytics/venv/lib/python3.10/site-packages/airflow/example_dags/example_sensors.py                                                                   1           0  2.21s           2023-11-20T10:28:04
/Users/eulim/Desktop/moneylion/myrepo/de-dbt-analytics/venv/lib/python3.10/site-packages/airflow/example_dags/example_setup_teardown_taskflow.py                                                   1           0  2.22s           2023-11-20T10:27:58
/Users/eulim/Desktop/moneylion/myrepo/de-dbt-analytics/venv/lib/python3.10/site-packages/airflow/example_dags/example_nested_branch_dag.py                                                         1           0  2.49s           2023-11-20T10:28:24
/Users/eulim/Desktop/moneylion/myrepo/de-dbt-analytics/venv/lib/python3.10/site-packages/airflow/example_dags/example_trigger_controller_dag.py                                                    1           0  2.35s           2023-11-20T10:27:28
/Users/eulim/Desktop/moneylion/myrepo/de-dbt-analytics/venv/lib/python3.10/site-packages/airflow/example_dags/example_params_ui_tutorial.py                                                        1           0  2.28s           2023-11-20T10:28:17
/Users/eulim/Desktop/moneylion/myrepo/de-dbt-analytics/venv/lib/python3.10/site-packages/airflow/example_dags/example_xcomargs.py                                                                  2           0  2.64s           2023-11-20T10:27:17
/Users/eulim/Desktop/moneylion/myrepo/de-dbt-analytics/venv/lib/python3.10/site-packages/airflow/example_dags/example_subdag_operator.py                                                           3           0  2.15s           2023-11-20T10:27:41
================================================================================
[2023-11-20T18:28:55.277+0800] {manager.py:469} INFO - Exiting gracefully upon receiving signal 15
